c:\users\svitoslav\source\repos\consoleapplication1\consoleapplication1\debug\consoleapplication1.pch
c:\users\svitoslav\source\repos\consoleapplication1\consoleapplication1\debug\vc141.pdb
c:\users\svitoslav\source\repos\consoleapplication1\consoleapplication1\debug\vc141.idb
c:\users\svitoslav\source\repos\consoleapplication1\consoleapplication1\debug\stdafx.obj
c:\users\svitoslav\source\repos\consoleapplication1\consoleapplication1\debug\consoleapplication1.obj
c:\users\svitoslav\source\repos\consoleapplication1\debug\consoleapplication1.exe
c:\users\svitoslav\source\repos\consoleapplication1\debug\consoleapplication1.ilk
c:\users\svitoslav\source\repos\consoleapplication1\debug\consoleapplication1.pdb
f:\дела\институты\программирование информационных систем\dz\5\consoleapplication1\consoleapplication1\debug\consoleapplication1.obj
f:\дела\институты\программирование информационных систем\dz\5\consoleapplication1\consoleapplication1\debug\stdafx.obj
f:\дела\институты\программирование информационных систем\dz\5\consoleapplication1\consoleapplication1\debug\consoleapplication1.pch
f:\дела\институты\программирование информационных систем\dz\5\consoleapplication1\consoleapplication1\debug\vc141.idb
f:\дела\институты\программирование информационных систем\dz\5\consoleapplication1\consoleapplication1\debug\vc141.pdb
f:\дела\институты\программирование информационных систем\dz\5\consoleapplication1\debug\consoleapplication1.pdb
f:\дела\институты\программирование информационных систем\dz\5\consoleapplication1\debug\consoleapplication1.exe
f:\дела\институты\программирование информационных систем\dz\5\consoleapplication1\debug\consoleapplication1.ilk
f:\дела\институты\программирование информационных систем\dz\5\consoleapplication1\consoleapplication1\debug\consolea.f8ab38ce.tlog\cl.command.1.tlog
f:\дела\институты\программирование информационных систем\dz\5\consoleapplication1\consoleapplication1\debug\consolea.f8ab38ce.tlog\cl.read.1.tlog
f:\дела\институты\программирование информационных систем\dz\5\consoleapplication1\consoleapplication1\debug\consolea.f8ab38ce.tlog\cl.write.1.tlog
f:\дела\институты\программирование информационных систем\dz\5\consoleapplication1\consoleapplication1\debug\consolea.f8ab38ce.tlog\link.command.1.tlog
f:\дела\институты\программирование информационных систем\dz\5\consoleapplication1\consoleapplication1\debug\consolea.f8ab38ce.tlog\link.read.1.tlog
f:\дела\институты\программирование информационных систем\dz\5\consoleapplication1\consoleapplication1\debug\consolea.f8ab38ce.tlog\link.write.1.tlog
