f:\дела\институты\программирование информационных систем\dz\1.1\consoleapplication3\debug\consoleapplication3.pch
f:\дела\институты\программирование информационных систем\dz\1.1\consoleapplication3\debug\vc141.pdb
f:\дела\институты\программирование информационных систем\dz\1.1\consoleapplication3\debug\vc141.idb
f:\дела\институты\программирование информационных систем\dz\1.1\consoleapplication3\debug\stdafx.obj
f:\дела\институты\программирование информационных систем\dz\1.1\consoleapplication3\debug\consoleapplication3.obj
c:\users\svitoslav\source\repos\consoleapplication3\debug\consoleapplication3.ilk
c:\users\svitoslav\source\repos\consoleapplication3\debug\consoleapplication3.exe
c:\users\svitoslav\source\repos\consoleapplication3\debug\consoleapplication3.pdb
f:\дела\институты\программирование информационных систем\1.1\debug\consoleapplication3.exe
f:\дела\институты\программирование информационных систем\1.1\debug\consoleapplication3.ilk
f:\дела\институты\программирование информационных систем\1.1\debug\consoleapplication3.pdb
f:\дела\институты\программирование информационных систем\dz\1.1\debug\consoleapplication3.exe
f:\дела\институты\программирование информационных систем\dz\1.1\debug\consoleapplication3.ilk
f:\дела\институты\программирование информационных систем\dz\1.1\debug\consoleapplication3.pdb
f:\дела\институты\программирование информационных систем\dz\1.1\consoleapplication3\debug\consolea.dbcde186.tlog\cl.command.1.tlog
f:\дела\институты\программирование информационных систем\dz\1.1\consoleapplication3\debug\consolea.dbcde186.tlog\cl.read.1.tlog
f:\дела\институты\программирование информационных систем\dz\1.1\consoleapplication3\debug\consolea.dbcde186.tlog\cl.write.1.tlog
f:\дела\институты\программирование информационных систем\dz\1.1\consoleapplication3\debug\consolea.dbcde186.tlog\link.command.1.tlog
f:\дела\институты\программирование информационных систем\dz\1.1\consoleapplication3\debug\consolea.dbcde186.tlog\link.read.1.tlog
f:\дела\институты\программирование информационных систем\dz\1.1\consoleapplication3\debug\consolea.dbcde186.tlog\link.write.1.tlog
